<?xml version="1.0" encoding="UTF-8"?>
<!-- Generated by org.testng.reporters.JUnitReportReporter -->
<testsuite hostname="DESKTOP-L3U3DAD" failures="0" tests="12" name="almosaferTestng1.almosaferTestng1.AppTest" time="28.291" errors="0" timestamp="2025-05-19T14:08:53 GMT+03:00" skipped="0">
  <testcase classname="almosaferTestng1.almosaferTestng1.AppTest" name="checkDefaultLangIsEn" time="2.909"/>
  <testcase classname="almosaferTestng1.almosaferTestng1.AppTest" name="checkDefaultCurrencyisSAR" time="0.055"/>
  <testcase classname="almosaferTestng1.almosaferTestng1.AppTest" name="checkContactNumber" time="0.036"/>
  <testcase classname="almosaferTestng1.almosaferTestng1.AppTest" name="checkQitafLogoIsDisplayed" time="0.075"/>
  <testcase classname="almosaferTestng1.almosaferTestng1.AppTest" name="checkHotelSearchNotSelectedByDefault" time="0.047"/>
  <testcase classname="almosaferTestng1.almosaferTestng1.AppTest" name="checkFlightDepartureDefaultDate" time="0.041"/>
  <testcase classname="almosaferTestng1.almosaferTestng1.AppTest" name="checkFlighReturnDefaultDate" time="0.038"/>
  <testcase classname="almosaferTestng1.almosaferTestng1.AppTest" name="changeLanguage" time="1.944"/>
  <testcase classname="almosaferTestng1.almosaferTestng1.AppTest" name="fillHotelSearchByLang" time="4.724"/>
  <testcase classname="almosaferTestng1.almosaferTestng1.AppTest" name="chooseRandomRoom" time="0.320"/>
  <testcase classname="almosaferTestng1.almosaferTestng1.AppTest" name="clickSearchButton" time="18.088"/>
  <testcase classname="almosaferTestng1.almosaferTestng1.AppTest" name="checkThePageIsUploaded" time="0.014"/>
</testsuite> <!-- almosaferTestng1.almosaferTestng1.AppTest -->
