<?xml version="1.0" encoding="UTF-8"?>
<!-- Generated by org.testng.reporters.JUnitReportReporter -->
<testsuite hostname="DESKTOP-L3U3DAD" failures="0" tests="1" name="almosaferTestng1.almosaferTestng1.justForSure" time="6.626" errors="0" timestamp="2025-05-09T23:16:48 GMT+03:00" skipped="0">
  <testcase classname="almosaferTestng1.almosaferTestng1.justForSure" name="TestTheDiv" time="6.626"/>
</testsuite> <!-- almosaferTestng1.almosaferTestng1.justForSure -->
